This is pdfTeX, Version 3.14159265-2.6-1.40.17 (TeX Live 2016/Debian) (preloaded format=pdflatex 2016.10.15)  21 SEP 2017 22:48
entering extended mode
 restricted \write18 enabled.
 %&-line parsing enabled.
**DE-notes.tex
(./DE-notes.tex
LaTeX2e <2016/03/31> patch level 3
Babel <3.9r> and hyphenation patterns for 83 language(s) loaded.
(/usr/share/texlive/texmf-dist/tex/latex/base/article.cls
Document Class: article 2014/09/29 v1.4h Standard LaTeX document class
(/usr/share/texlive/texmf-dist/tex/latex/base/size10.clo
File: size10.clo 2014/09/29 v1.4h Standard LaTeX file (size option)
)
\c@part=\count79
\c@section=\count80
\c@subsection=\count81
\c@subsubsection=\count82
\c@paragraph=\count83
\c@subparagraph=\count84
\c@figure=\count85
\c@table=\count86
\abovecaptionskip=\skip41
\belowcaptionskip=\skip42
\bibindent=\dimen102
)
(/usr/share/texlive/texmf-dist/tex/latex/preprint/fullpage.sty
Package: fullpage 1999/02/23 1.1 (PWD)
\FP@margin=\skip43
)
(/usr/share/texlive/texmf-dist/tex/latex/amsmath/amsmath.sty
Package: amsmath 2016/06/28 v2.15d AMS math features
\@mathmargin=\skip44

For additional information on amsmath, use the `?' option.
(/usr/share/texlive/texmf-dist/tex/latex/amsmath/amstext.sty
Package: amstext 2000/06/29 v2.01 AMS text

(/usr/share/texlive/texmf-dist/tex/latex/amsmath/amsgen.sty
File: amsgen.sty 1999/11/30 v2.0 generic functions
\@emptytoks=\toks14
\ex@=\dimen103
))
(/usr/share/texlive/texmf-dist/tex/latex/amsmath/amsbsy.sty
Package: amsbsy 1999/11/29 v1.2d Bold Symbols
\pmbraise@=\dimen104
)
(/usr/share/texlive/texmf-dist/tex/latex/amsmath/amsopn.sty
Package: amsopn 2016/03/08 v2.02 operator names
)
\inf@bad=\count87
LaTeX Info: Redefining \frac on input line 199.
\uproot@=\count88
\leftroot@=\count89
LaTeX Info: Redefining \overline on input line 297.
\classnum@=\count90
\DOTSCASE@=\count91
LaTeX Info: Redefining \ldots on input line 394.
LaTeX Info: Redefining \dots on input line 397.
LaTeX Info: Redefining \cdots on input line 518.
\Mathstrutbox@=\box26
\strutbox@=\box27
\big@size=\dimen105
LaTeX Font Info:    Redeclaring font encoding OML on input line 634.
LaTeX Font Info:    Redeclaring font encoding OMS on input line 635.
\macc@depth=\count92
\c@MaxMatrixCols=\count93
\dotsspace@=\muskip10
\c@parentequation=\count94
\dspbrk@lvl=\count95
\tag@help=\toks15
\row@=\count96
\column@=\count97
\maxfields@=\count98
\andhelp@=\toks16
\eqnshift@=\dimen106
\alignsep@=\dimen107
\tagshift@=\dimen108
\tagwidth@=\dimen109
\totwidth@=\dimen110
\lineht@=\dimen111
\@envbody=\toks17
\multlinegap=\skip45
\multlinetaggap=\skip46
\mathdisplay@stack=\toks18
LaTeX Info: Redefining \[ on input line 2739.
LaTeX Info: Redefining \] on input line 2740.
)
(/usr/share/texlive/texmf-dist/tex/latex/graphics/graphicx.sty
Package: graphicx 2014/10/28 v1.0g Enhanced LaTeX Graphics (DPC,SPQR)

(/usr/share/texlive/texmf-dist/tex/latex/graphics/keyval.sty
Package: keyval 2014/10/28 v1.15 key=value parser (DPC)
\KV@toks@=\toks19
)
(/usr/share/texlive/texmf-dist/tex/latex/graphics/graphics.sty
Package: graphics 2016/07/10 v1.0t Standard LaTeX Graphics (DPC,SPQR)

(/usr/share/texlive/texmf-dist/tex/latex/graphics/trig.sty
Package: trig 2016/01/03 v1.10 sin cos tan (DPC)
)
(/usr/share/texlive/texmf-dist/tex/latex/graphics-cfg/graphics.cfg
File: graphics.cfg 2016/06/04 v1.11 sample graphics configuration
)
Package graphics Info: Driver file: pdftex.def on input line 99.

(/usr/share/texlive/texmf-dist/tex/latex/graphics-def/pdftex.def
File: pdftex.def 2016/07/10 v0.06j Graphics/color for pdfTeX

(/usr/share/texlive/texmf-dist/tex/generic/oberdiek/infwarerr.sty
Package: infwarerr 2016/05/16 v1.4 Providing info/warning/error messages (HO)
)
(/usr/share/texlive/texmf-dist/tex/generic/oberdiek/ltxcmds.sty
Package: ltxcmds 2016/05/16 v1.23 LaTeX kernel commands for general use (HO)
)
\Gread@gobject=\count99
))
\Gin@req@height=\dimen112
\Gin@req@width=\dimen113
)

LaTeX Warning: Unused global option(s):
    [12ampt].

(./DE-notes.aux)
\openout1 = `DE-notes.aux'.

LaTeX Font Info:    Checking defaults for OML/cmm/m/it on input line 39.
LaTeX Font Info:    ... okay on input line 39.
LaTeX Font Info:    Checking defaults for T1/cmr/m/n on input line 39.
LaTeX Font Info:    ... okay on input line 39.
LaTeX Font Info:    Checking defaults for OT1/cmr/m/n on input line 39.
LaTeX Font Info:    ... okay on input line 39.
LaTeX Font Info:    Checking defaults for OMS/cmsy/m/n on input line 39.
LaTeX Font Info:    ... okay on input line 39.
LaTeX Font Info:    Checking defaults for OMX/cmex/m/n on input line 39.
LaTeX Font Info:    ... okay on input line 39.
LaTeX Font Info:    Checking defaults for U/cmr/m/n on input line 39.
LaTeX Font Info:    ... okay on input line 39.

(/usr/share/texlive/texmf-dist/tex/context/base/mkii/supp-pdf.mkii
[Loading MPS to PDF converter (version 2006.09.02).]
\scratchcounter=\count100
\scratchdimen=\dimen114
\scratchbox=\box28
\nofMPsegments=\count101
\nofMParguments=\count102
\everyMPshowfont=\toks20
\MPscratchCnt=\count103
\MPscratchDim=\dimen115
\MPnumerator=\count104
\makeMPintoPDFobject=\count105
\everyMPtoPDFconversion=\toks21
) (/usr/share/texlive/texmf-dist/tex/generic/oberdiek/pdftexcmds.sty
Package: pdftexcmds 2016/05/21 v0.22 Utility functions of pdfTeX for LuaTeX (HO
)

(/usr/share/texlive/texmf-dist/tex/generic/oberdiek/ifluatex.sty
Package: ifluatex 2016/05/16 v1.4 Provides the ifluatex switch (HO)
Package ifluatex Info: LuaTeX not detected.
)
(/usr/share/texlive/texmf-dist/tex/generic/oberdiek/ifpdf.sty
Package: ifpdf 2016/05/14 v3.1 Provides the ifpdf switch
)
Package pdftexcmds Info: LuaTeX not detected.
Package pdftexcmds Info: \pdf@primitive is available.
Package pdftexcmds Info: \pdf@ifprimitive is available.
Package pdftexcmds Info: \pdfdraftmode found.
)
(/usr/share/texlive/texmf-dist/tex/latex/oberdiek/epstopdf-base.sty
Package: epstopdf-base 2016/05/15 v2.6 Base part for package epstopdf

(/usr/share/texlive/texmf-dist/tex/latex/oberdiek/grfext.sty
Package: grfext 2016/05/16 v1.2 Manage graphics extensions (HO)

(/usr/share/texlive/texmf-dist/tex/generic/oberdiek/kvdefinekeys.sty
Package: kvdefinekeys 2016/05/16 v1.4 Define keys (HO)
))
(/usr/share/texlive/texmf-dist/tex/latex/oberdiek/kvoptions.sty
Package: kvoptions 2016/05/16 v3.12 Key value format for package options (HO)

(/usr/share/texlive/texmf-dist/tex/generic/oberdiek/kvsetkeys.sty
Package: kvsetkeys 2016/05/16 v1.17 Key value parser (HO)

(/usr/share/texlive/texmf-dist/tex/generic/oberdiek/etexcmds.sty
Package: etexcmds 2016/05/16 v1.6 Avoid name clashes with e-TeX commands (HO)
Package etexcmds Info: Could not find \expanded.
(etexcmds)             That can mean that you are not using pdfTeX 1.50 or
(etexcmds)             that some package has redefined \expanded.
(etexcmds)             In the latter case, load this package earlier.
)))
Package epstopdf-base Info: Redefining graphics rule for `.eps' on input line 4
38.
Package grfext Info: Graphics extension search list:
(grfext)             [.png,.pdf,.jpg,.mps,.jpeg,.jbig2,.jb2,.PNG,.PDF,.JPG,.JPE
G,.JBIG2,.JB2,.eps]
(grfext)             \AppendGraphicsExtensions on input line 456.

(/usr/share/texlive/texmf-dist/tex/latex/latexconfig/epstopdf-sys.cfg
File: epstopdf-sys.cfg 2010/07/13 v1.3 Configuration of (r)epstopdf for TeX Liv
e
))
LaTeX Font Info:    Try loading font information for OMS+cmr on input line 47.

(/usr/share/texlive/texmf-dist/tex/latex/base/omscmr.fd
File: omscmr.fd 2014/09/29 v2.5h Standard LaTeX font definitions
)
LaTeX Font Info:    Font shape `OMS/cmr/m/n' in size <10> not available
(Font)              Font shape `OMS/cmsy/m/n' tried instead on input line 47.


Package amsmath Warning: Foreign command \over;
(amsmath)                \frac or \genfrac should be used instead
(amsmath)                 on input line 50.

[1

{/var/lib/texmf/fonts/map/pdftex/updmap/pdftex.map}]
<cooling-intro-crop.pdf, id=15, 464.73625pt x 333.245pt>
File: cooling-intro-crop.pdf Graphic file (type pdf)

<use cooling-intro-crop.pdf>
Package pdftex.def Info: cooling-intro-crop.pdf used on input line 109.
(pdftex.def)             Requested size: 234.8775pt x 168.42213pt.
 <fig0-crop.pdf, id=16, 463.7325pt x 333.245pt>
File: fig0-crop.pdf Graphic file (type pdf)

<use fig0-crop.pdf>
Package pdftex.def Info: fig0-crop.pdf used on input line 152.
(pdftex.def)             Requested size: 211.3883pt x 151.90637pt.

Overfull \hbox (2.2222pt too wide) in paragraph at lines 151--173
[]$[]$ $[]$ 
 []

[2 <./cooling-intro-crop.pdf>] <fig1-crop.pdf, id=28, 463.7325pt x 333.245pt>
File: fig1-crop.pdf Graphic file (type pdf)

<use fig1-crop.pdf>
Package pdftex.def Info: fig1-crop.pdf used on input line 184.
(pdftex.def)             Requested size: 211.3883pt x 151.90637pt.

Overfull \hbox (2.2222pt too wide) in paragraph at lines 183--205
[]$[]$ $[]$ 
 []

<fig2-crop.pdf, id=29, 463.7325pt x 333.245pt>
File: fig2-crop.pdf Graphic file (type pdf)
 <use fig2-crop.pdf>
Package pdftex.def Info: fig2-crop.pdf used on input line 216.
(pdftex.def)             Requested size: 211.3883pt x 151.90637pt.

Overfull \hbox (2.2222pt too wide) in paragraph at lines 215--237
[]$[]$ $[]$ 
 []

[3 <./fig0-crop.pdf> <./fig1-crop.pdf>]
<fig3-crop.pdf, id=41, 463.7325pt x 333.245pt>
File: fig3-crop.pdf Graphic file (type pdf)
 <use fig3-crop.pdf>
Package pdftex.def Info: fig3-crop.pdf used on input line 240.
(pdftex.def)             Requested size: 211.3883pt x 151.90637pt.

Overfull \hbox (2.2222pt too wide) in paragraph at lines 239--261
[]$[]$ $[]$ 
 []

<fig5-crop.pdf, id=42, 463.7325pt x 333.245pt>
File: fig5-crop.pdf Graphic file (type pdf)
 <use fig5-crop.pdf>
Package pdftex.def Info: fig5-crop.pdf used on input line 265.
(pdftex.def)             Requested size: 211.3883pt x 151.90637pt.

Overfull \hbox (2.2222pt too wide) in paragraph at lines 264--286
[]$[]$ $[]$ 
 []

[4 <./fig2-crop.pdf> <./fig3-crop.pdf> <./fig5-crop.pdf>]
<figbetter-crop.pdf, id=58, 463.7325pt x 333.245pt>
File: figbetter-crop.pdf Graphic file (type pdf)
 <use figbetter-crop.pdf>
Package pdftex.def Info: figbetter-crop.pdf used on input line 303.
(pdftex.def)             Requested size: 211.3883pt x 151.90637pt.
File: fig5-crop.pdf Graphic file (type pdf)

<use fig5-crop.pdf>
Package pdftex.def Info: fig5-crop.pdf used on input line 306.
(pdftex.def)             Requested size: 211.3883pt x 151.90637pt.

Overfull \hbox (2.2222pt too wide) in paragraph at lines 302--308
[]$[]$ $[]$ 
 []

[5 <./figbetter-crop.pdf>] <rk0-crop.pdf, id=66, 459.7175pt x 333.245pt>
File: rk0-crop.pdf Graphic file (type pdf)

<use rk0-crop.pdf>
Package pdftex.def Info: rk0-crop.pdf used on input line 392.
(pdftex.def)             Requested size: 211.3883pt x 153.23354pt.

Overfull \hbox (2.2222pt too wide) in paragraph at lines 391--403
[]$[]$ $[]$ 
 []

[6] <rk1-crop.pdf, id=71, 459.7175pt x 333.245pt>
File: rk1-crop.pdf Graphic file (type pdf)
 <use rk1-crop.pdf>
Package pdftex.def Info: rk1-crop.pdf used on input line 407.
(pdftex.def)             Requested size: 211.3883pt x 153.23354pt.

Overfull \hbox (2.2222pt too wide) in paragraph at lines 406--422
[]$[]$ $[]$ 
 []

<rk2-crop.pdf, id=72, 459.7175pt x 333.245pt>
File: rk2-crop.pdf Graphic file (type pdf)
 <use rk2-crop.pdf>
Package pdftex.def Info: rk2-crop.pdf used on input line 425.
(pdftex.def)             Requested size: 211.3883pt x 153.23354pt.

Overfull \hbox (2.2222pt too wide) in paragraph at lines 424--432
[]$[]$ $[]$ 
 []

<rk5-crop.pdf, id=73, 463.7325pt x 333.245pt>
File: rk5-crop.pdf Graphic file (type pdf)
 <use rk5-crop.pdf>
Package pdftex.def Info: rk5-crop.pdf used on input line 436.
(pdftex.def)             Requested size: 211.3883pt x 151.90637pt.

<euler5-crop.pdf, id=74, 463.7325pt x 333.245pt>
File: euler5-crop.pdf Graphic file (type pdf)
 <use euler5-crop.pdf>
Package pdftex.def Info: euler5-crop.pdf used on input line 439.
(pdftex.def)             Requested size: 211.3883pt x 151.90637pt.

Overfull \hbox (2.2222pt too wide) in paragraph at lines 435--442
[]$[]$ $[]$
 []


Underfull \hbox (badness 10000) in paragraph at lines 435--442

 []

[7 <./rk0-crop.pdf> <./rk1-crop.pdf> <./rk2-crop.pdf>] [8 <./rk5-crop.pdf> <./e
uler5-crop.pdf>] [9] [10] [11] [12] (./DE-notes.aux) ) 
Here is how much of TeX's memory you used:
 2207 strings out of 493013
 29777 string characters out of 6135681
 96434 words of memory out of 5000000
 5730 multiletter control sequences out of 15000+600000
 6003 words of font info for 22 fonts, out of 8000000 for 9000
 1141 hyphenation exceptions out of 8191
 40i,11n,25p,281b,191s stack positions out of 5000i,500n,10000p,200000b,80000s
</usr/share/texlive/texmf
-dist/fonts/type1/public/amsfonts/cm/cmbx10.pfb></usr/share/texlive/texmf-dist/
fonts/type1/public/amsfonts/cm/cmbx12.pfb></usr/share/texlive/texmf-dist/fonts/
type1/public/amsfonts/cm/cmcsc10.pfb></usr/share/texlive/texmf-dist/fonts/type1
/public/amsfonts/cm/cmex10.pfb></usr/share/texlive/texmf-dist/fonts/type1/publi
c/amsfonts/cm/cmmi10.pfb></usr/share/texlive/texmf-dist/fonts/type1/public/amsf
onts/cm/cmmi7.pfb></usr/share/texlive/texmf-dist/fonts/type1/public/amsfonts/cm
/cmr10.pfb></usr/share/texlive/texmf-dist/fonts/type1/public/amsfonts/cm/cmr5.p
fb></usr/share/texlive/texmf-dist/fonts/type1/public/amsfonts/cm/cmr7.pfb></usr
/share/texlive/texmf-dist/fonts/type1/public/amsfonts/cm/cmsy10.pfb></usr/share
/texlive/texmf-dist/fonts/type1/public/amsfonts/cm/cmsy5.pfb></usr/share/texliv
e/texmf-dist/fonts/type1/public/amsfonts/cm/cmsy7.pfb></usr/share/texlive/texmf
-dist/fonts/type1/public/amsfonts/cm/cmti10.pfb></usr/share/texlive/texmf-dist/
fonts/type1/public/amsfonts/cm/cmti7.pfb>
Output written on DE-notes.pdf (12 pages, 303176 bytes).
PDF statistics:
 160 PDF objects out of 1000 (max. 8388607)
 106 compressed objects within 2 object streams
 0 named destinations out of 1000 (max. 500000)
 61 words of extra memory for PDF output out of 10000 (max. 10000000)

